<?xml version="1.0" encoding="UTF-8"?>
<coverage generated="1785868352508" clover="3.2.0">
  <project timestamp="1785868352508" name="All files">
    <metrics statements="103" coveredstatements="100" conditionals="42" coveredconditionals="36" methods="45" coveredmethods="44" elements="190" coveredelements="180" complexity="0" loc="103" ncloc="103" packages="8" files="19" classes="19"/>
    <package name="context">
      <metrics statements="43" coveredstatements="41" conditionals="20" coveredconditionals="16" methods="17" coveredmethods="17"/>
      <file name="CartContext.tsx" path="/Users/felipebaz/Desktop/Product-shop/simple-product-shop/src/context/CartContext.tsx">
        <metrics statements="37" coveredstatements="36" conditionals="18" coveredconditionals="15" methods="16" coveredmethods="16"/>
        <line num="15" count="1" type="stmt"/>
        <line num="27" count="32" type="cond" truecount="4" falsecount="0"/>
        <line num="29" count="28" type="stmt"/>
        <line num="30" count="28" type="cond" truecount="2" falsecount="0"/>
        <line num="31" count="12" type="stmt"/>
        <line num="32" count="12" type="cond" truecount="1" falsecount="1"/>
        <line num="37" count="16" type="stmt"/>
        <line num="40" count="2" type="stmt"/>
        <line num="42" count="2" type="cond" truecount="2" falsecount="0"/>
        <line num="43" count="1" type="stmt"/>
        <line num="45" count="1" type="stmt"/>
        <line num="46" count="1" type="cond" truecount="1" falsecount="1"/>
        <line num="49" count="1" type="stmt"/>
        <line num="54" count="14" type="stmt"/>
        <line num="55" count="14" type="stmt"/>
        <line num="56" count="14" type="cond" truecount="2" falsecount="0"/>
        <line num="57" count="1" type="stmt"/>
        <line num="58" count="1" type="cond" truecount="1" falsecount="1"/>
        <line num="60" count="0" type="stmt"/>
        <line num="65" count="26" type="stmt"/>
        <line num="66" count="26" type="stmt"/>
        <line num="68" count="26" type="stmt"/>
        <line num="69" count="26" type="cond" truecount="2" falsecount="0"/>
        <line num="70" count="14" type="stmt"/>
        <line num="71" count="14" type="stmt"/>
        <line num="73" count="12" type="stmt"/>
        <line num="76" count="26" type="stmt"/>
        <line num="77" count="26" type="stmt"/>
        <line num="78" count="26" type="stmt"/>
        <line num="79" count="26" type="stmt"/>
        <line num="80" count="26" type="stmt"/>
        <line num="82" count="13" type="stmt"/>
        <line num="87" count="28" type="stmt"/>
        <line num="88" count="1" type="stmt"/>
        <line num="90" count="2" type="stmt"/>
        <line num="91" count="1" type="stmt"/>
        <line num="95" count="26" type="stmt"/>
      </file>
      <file name="CartContextValue.ts" path="/Users/felipebaz/Desktop/Product-shop/simple-product-shop/src/context/CartContextValue.ts">
        <metrics statements="2" coveredstatements="2" conditionals="0" coveredconditionals="0" methods="0" coveredmethods="0"/>
        <line num="18" count="1" type="stmt"/>
        <line num="20" count="1" type="stmt"/>
      </file>
      <file name="useCart.ts" path="/Users/felipebaz/Desktop/Product-shop/simple-product-shop/src/context/useCart.ts">
        <metrics statements="4" coveredstatements="3" conditionals="2" coveredconditionals="1" methods="1" coveredmethods="1"/>
        <line num="5" count="26" type="stmt"/>
        <line num="6" count="26" type="cond" truecount="1" falsecount="1"/>
        <line num="7" count="0" type="stmt"/>
        <line num="9" count="26" type="stmt"/>
      </file>
    </package>
    <package name="features.product-catalog">
      <metrics statements="2" coveredstatements="2" conditionals="0" coveredconditionals="0" methods="2" coveredmethods="2"/>
      <file name="ProductCatalog.tsx" path="/Users/felipebaz/Desktop/Product-shop/simple-product-shop/src/features/product-catalog/ProductCatalog.tsx">
        <metrics statements="2" coveredstatements="2" conditionals="0" coveredconditionals="0" methods="2" coveredmethods="2"/>
        <line num="10" count="3" type="stmt"/>
        <line num="15" count="6" type="stmt"/>
      </file>
    </package>
    <package name="features.product-catalog.components">
      <metrics statements="11" coveredstatements="11" conditionals="6" coveredconditionals="6" methods="5" coveredmethods="5"/>
      <file name="ProductCard.tsx" path="/Users/felipebaz/Desktop/Product-shop/simple-product-shop/src/features/product-catalog/components/ProductCard.tsx">
        <metrics statements="11" coveredstatements="11" conditionals="6" coveredconditionals="6" methods="5" coveredmethods="5"/>
        <line num="13" count="16" type="stmt"/>
        <line num="15" count="16" type="stmt"/>
        <line num="16" count="16" type="cond" truecount="2" falsecount="0"/>
        <line num="17" count="3" type="stmt"/>
        <line num="18" count="3" type="stmt"/>
        <line num="21" count="16" type="stmt"/>
        <line num="22" count="3" type="stmt"/>
        <line num="23" count="3" type="stmt"/>
        <line num="26" count="16" type="cond" truecount="2" falsecount="0"/>
        <line num="28" count="16" type="cond" truecount="2" falsecount="0"/>
        <line num="30" count="16" type="stmt"/>
      </file>
    </package>
    <package name="features.shopping-cart.components">
      <metrics statements="11" coveredstatements="11" conditionals="4" coveredconditionals="3" methods="5" coveredmethods="5"/>
      <file name="CartItem.tsx" path="/Users/felipebaz/Desktop/Product-shop/simple-product-shop/src/features/shopping-cart/components/CartItem.tsx">
        <metrics statements="6" coveredstatements="6" conditionals="0" coveredconditionals="0" methods="3" coveredmethods="3"/>
        <line num="13" count="7" type="stmt"/>
        <line num="14" count="7" type="stmt"/>
        <line num="15" count="7" type="stmt"/>
        <line num="17" count="7" type="stmt"/>
        <line num="37" count="1" type="stmt"/>
        <line num="52" count="1" type="stmt"/>
      </file>
      <file name="CartSummary.tsx" path="/Users/felipebaz/Desktop/Product-shop/simple-product-shop/src/features/shopping-cart/components/CartSummary.tsx">
        <metrics statements="5" coveredstatements="5" conditionals="4" coveredconditionals="3" methods="2" coveredmethods="2"/>
        <line num="21" count="7" type="stmt"/>
        <line num="22" count="7" type="stmt"/>
        <line num="23" count="7" type="stmt"/>
        <line num="25" count="7" type="stmt"/>
        <line num="37" count="4" type="stmt"/>
      </file>
    </package>
    <package name="shared.components">
      <metrics statements="2" coveredstatements="2" conditionals="2" coveredconditionals="2" methods="1" coveredmethods="1"/>
      <file name="Button.tsx" path="/Users/felipebaz/Desktop/Product-shop/simple-product-shop/src/shared/components/Button.tsx">
        <metrics statements="2" coveredstatements="2" conditionals="2" coveredconditionals="2" methods="1" coveredmethods="1"/>
        <line num="7" count="23" type="stmt"/>
        <line num="8" count="23" type="stmt"/>
      </file>
      <file name="index.ts" path="/Users/felipebaz/Desktop/Product-shop/simple-product-shop/src/shared/components/index.ts">
        <metrics statements="0" coveredstatements="0" conditionals="0" coveredconditionals="0" methods="0" coveredmethods="0"/>
      </file>
    </package>
    <package name="shared.constants">
      <metrics statements="6" coveredstatements="5" conditionals="0" coveredconditionals="0" methods="1" coveredmethods="0"/>
      <file name="businessRules.ts" path="/Users/felipebaz/Desktop/Product-shop/simple-product-shop/src/shared/constants/businessRules.ts">
        <metrics statements="3" coveredstatements="3" conditionals="0" coveredconditionals="0" methods="0" coveredmethods="0"/>
        <line num="1" count="9" type="stmt"/>
        <line num="6" count="9" type="stmt"/>
        <line num="11" count="9" type="stmt"/>
      </file>
      <file name="ui.ts" path="/Users/felipebaz/Desktop/Product-shop/simple-product-shop/src/shared/constants/ui.ts">
        <metrics statements="3" coveredstatements="2" conditionals="0" coveredconditionals="0" methods="1" coveredmethods="0"/>
        <line num="1" count="4" type="stmt"/>
        <line num="12" count="0" type="stmt"/>
        <line num="15" count="4" type="stmt"/>
      </file>
    </package>
    <package name="shared.strategies">
      <metrics statements="21" coveredstatements="21" conditionals="8" coveredconditionals="7" methods="9" coveredmethods="9"/>
      <file name="BulkDiscountStrategy.ts" path="/Users/felipebaz/Desktop/Product-shop/simple-product-shop/src/shared/strategies/BulkDiscountStrategy.ts">
        <metrics statements="4" coveredstatements="4" conditionals="0" coveredconditionals="0" methods="3" coveredmethods="3"/>
        <line num="7" count="7" type="stmt"/>
        <line num="8" count="7" type="stmt"/>
        <line num="11" count="22" type="stmt"/>
        <line num="15" count="9" type="stmt"/>
      </file>
      <file name="DiscountCalculator.ts" path="/Users/felipebaz/Desktop/Product-shop/simple-product-shop/src/shared/strategies/DiscountCalculator.ts">
        <metrics statements="13" coveredstatements="13" conditionals="8" coveredconditionals="7" methods="4" coveredmethods="4"/>
        <line num="13" count="6" type="stmt"/>
        <line num="17" count="4" type="cond" truecount="2" falsecount="0"/>
        <line num="18" count="4" type="stmt"/>
        <line num="22" count="33" type="cond" truecount="2" falsecount="0"/>
        <line num="23" count="17" type="stmt"/>
        <line num="24" count="17" type="stmt"/>
        <line num="25" count="17" type="stmt"/>
        <line num="26" count="34" type="cond" truecount="2" falsecount="0"/>
        <line num="28" count="12" type="stmt"/>
        <line num="29" count="12" type="cond" truecount="1" falsecount="1"/>
        <line num="31" count="12" type="stmt"/>
        <line num="32" count="12" type="stmt"/>
        <line num="34" count="17" type="stmt"/>
      </file>
      <file name="OrderDiscountStrategy.ts" path="/Users/felipebaz/Desktop/Product-shop/simple-product-shop/src/shared/strategies/OrderDiscountStrategy.ts">
        <metrics statements="4" coveredstatements="4" conditionals="0" coveredconditionals="0" methods="2" coveredmethods="2"/>
        <line num="6" count="7" type="stmt"/>
        <line num="7" count="7" type="stmt"/>
        <line num="10" count="19" type="stmt"/>
        <line num="14" count="6" type="stmt"/>
      </file>
      <file name="index.ts" path="/Users/felipebaz/Desktop/Product-shop/simple-product-shop/src/shared/strategies/index.ts">
        <metrics statements="0" coveredstatements="0" conditionals="0" coveredconditionals="0" methods="0" coveredmethods="0"/>
      </file>
    </package>
    <package name="shared.utils">
      <metrics statements="7" coveredstatements="7" conditionals="2" coveredconditionals="2" methods="5" coveredmethods="5"/>
      <file name="calculateBulkDiscount.ts" path="/Users/felipebaz/Desktop/Product-shop/simple-product-shop/src/shared/utils/calculateBulkDiscount.ts">
        <metrics statements="4" coveredstatements="4" conditionals="2" coveredconditionals="2" methods="2" coveredmethods="2"/>
        <line num="5" count="13" type="stmt"/>
        <line num="6" count="16" type="cond" truecount="2" falsecount="0"/>
        <line num="7" count="12" type="stmt"/>
        <line num="9" count="4" type="stmt"/>
      </file>
      <file name="calculateSubtotal.ts" path="/Users/felipebaz/Desktop/Product-shop/simple-product-shop/src/shared/utils/calculateSubtotal.ts">
        <metrics statements="1" coveredstatements="1" conditionals="0" coveredconditionals="0" methods="2" coveredmethods="2"/>
        <line num="4" count="29" type="stmt"/>
      </file>
      <file name="formatPrice.ts" path="/Users/felipebaz/Desktop/Product-shop/simple-product-shop/src/shared/utils/formatPrice.ts">
        <metrics statements="2" coveredstatements="2" conditionals="0" coveredconditionals="0" methods="1" coveredmethods="1"/>
        <line num="1" count="8" type="stmt"/>
        <line num="9" count="58" type="stmt"/>
      </file>
      <file name="index.ts" path="/Users/felipebaz/Desktop/Product-shop/simple-product-shop/src/shared/utils/index.ts">
        <metrics statements="0" coveredstatements="0" conditionals="0" coveredconditionals="0" methods="0" coveredmethods="0"/>
      </file>
    </package>
  </project>
</coverage>
