{"/Users/felipebaz/Desktop/Product-shop/simple-product-shop/src/context/CartContext.tsx": {"path":"/Users/felipebaz/Desktop/Product-shop/simple-product-shop/src/context/CartContext.tsx","statementMap":{"0":{"start":{"line":15,"column":27},"end":{"line":18,"column":null}},"1":{"start":{"line":27,"column":2},"end":{"line":50,"column":null}},"2":{"start":{"line":29,"column":23},"end":{"line":29,"column":null}},"3":{"start":{"line":29,"column":41},"end":{"line":29,"column":75}},"4":{"start":{"line":30,"column":6},"end":{"line":36,"column":null}},"5":{"start":{"line":31,"column":8},"end":{"line":35,"column":null}},"6":{"start":{"line":32,"column":10},"end":{"line":34,"column":null}},"7":{"start":{"line":37,"column":6},"end":{"line":37,"column":null}},"8":{"start":{"line":40,"column":6},"end":{"line":40,"column":null}},"9":{"start":{"line":40,"column":33},"end":{"line":40,"column":66}},"10":{"start":{"line":42,"column":6},"end":{"line":44,"column":null}},"11":{"start":{"line":43,"column":8},"end":{"line":43,"column":null}},"12":{"start":{"line":43,"column":35},"end":{"line":43,"column":68}},"13":{"start":{"line":45,"column":6},"end":{"line":47,"column":null}},"14":{"start":{"line":46,"column":8},"end":{"line":46,"column":null}},"15":{"start":{"line":49,"column":6},"end":{"line":49,"column":null}},"16":{"start":{"line":54,"column":2},"end":{"line":61,"column":null}},"17":{"start":{"line":55,"column":16},"end":{"line":55,"column":null}},"18":{"start":{"line":56,"column":4},"end":{"line":56,"column":null}},"19":{"start":{"line":56,"column":14},"end":{"line":56,"column":null}},"20":{"start":{"line":57,"column":19},"end":{"line":57,"column":null}},"21":{"start":{"line":58,"column":4},"end":{"line":58,"column":null}},"22":{"start":{"line":60,"column":4},"end":{"line":60,"column":null}},"23":{"start":{"line":65,"column":28},"end":{"line":65,"column":null}},"24":{"start":{"line":66,"column":25},"end":{"line":66,"column":null}},"25":{"start":{"line":68,"column":2},"end":{"line":74,"column":null}},"26":{"start":{"line":69,"column":4},"end":{"line":72,"column":null}},"27":{"start":{"line":70,"column":6},"end":{"line":70,"column":null}},"28":{"start":{"line":71,"column":6},"end":{"line":71,"column":null}},"29":{"start":{"line":73,"column":4},"end":{"line":73,"column":null}},"30":{"start":{"line":76,"column":16},"end":{"line":93,"column":null}},"31":{"start":{"line":77,"column":21},"end":{"line":77,"column":null}},"32":{"start":{"line":78,"column":30},"end":{"line":78,"column":null}},"33":{"start":{"line":79,"column":21},"end":{"line":79,"column":null}},"34":{"start":{"line":79,"column":56},"end":{"line":79,"column":70}},"35":{"start":{"line":80,"column":4},"end":{"line":92,"column":null}},"36":{"start":{"line":82,"column":40},"end":{"line":82,"column":56}},"37":{"start":{"line":87,"column":28},"end":{"line":87,"column":null}},"38":{"start":{"line":88,"column":33},"end":{"line":88,"column":null}},"39":{"start":{"line":90,"column":8},"end":{"line":90,"column":null}},"40":{"start":{"line":91,"column":23},"end":{"line":91,"column":null}},"41":{"start":{"line":95,"column":2},"end":{"line":95,"column":null}}},"fnMap":{"0":{"name":"reducer","decl":{"start":{"line":26,"column":9},"end":{"line":26,"column":17}},"loc":{"start":{"line":26,"column":64},"end":{"line":51,"column":null}},"line":26},"1":{"name":"(anonymous_1)","decl":{"start":{"line":29,"column":29},"end":{"line":29,"column":35}},"loc":{"start":{"line":29,"column":41},"end":{"line":29,"column":75}},"line":29},"2":{"name":"(anonymous_2)","decl":{"start":{"line":31,"column":21},"end":{"line":31,"column":26}},"loc":{"start":{"line":32,"column":10},"end":{"line":34,"column":null}},"line":32},"3":{"name":"(anonymous_3)","decl":{"start":{"line":40,"column":19},"end":{"line":40,"column":27}},"loc":{"start":{"line":40,"column":33},"end":{"line":40,"column":66}},"line":40},"4":{"name":"(anonymous_4)","decl":{"start":{"line":43,"column":21},"end":{"line":43,"column":29}},"loc":{"start":{"line":43,"column":35},"end":{"line":43,"column":68}},"line":43},"5":{"name":"(anonymous_5)","decl":{"start":{"line":45,"column":19},"end":{"line":45,"column":24}},"loc":{"start":{"line":46,"column":8},"end":{"line":46,"column":null}},"line":46},"6":{"name":"loadInitial","decl":{"start":{"line":53,"column":9},"end":{"line":53,"column":35}},"loc":{"start":{"line":53,"column":35},"end":{"line":62,"column":null}},"line":53},"7":{"name":"CartProvider","decl":{"start":{"line":64,"column":16},"end":{"line":64,"column":29}},"loc":{"start":{"line":64,"column":68},"end":{"line":96,"column":null}},"line":64},"8":{"name":"(anonymous_8)","decl":{"start":{"line":68,"column":2},"end":{"line":68,"column":18}},"loc":{"start":{"line":68,"column":18},"end":{"line":74,"column":5}},"line":68},"9":{"name":"(anonymous_9)","decl":{"start":{"line":76,"column":16},"end":{"line":76,"column":48}},"loc":{"start":{"line":76,"column":48},"end":{"line":93,"column":5}},"line":76},"10":{"name":"(anonymous_10)","decl":{"start":{"line":79,"column":39},"end":{"line":79,"column":47}},"loc":{"start":{"line":79,"column":56},"end":{"line":79,"column":70}},"line":79},"11":{"name":"(anonymous_11)","decl":{"start":{"line":82,"column":23},"end":{"line":82,"column":31}},"loc":{"start":{"line":82,"column":40},"end":{"line":82,"column":56}},"line":82},"12":{"name":"(anonymous_12)","decl":{"start":{"line":87,"column":6},"end":{"line":87,"column":16}},"loc":{"start":{"line":87,"column":28},"end":{"line":87,"column":null}},"line":87},"13":{"name":"(anonymous_13)","decl":{"start":{"line":88,"column":6},"end":{"line":88,"column":19}},"loc":{"start":{"line":88,"column":33},"end":{"line":88,"column":null}},"line":88},"14":{"name":"(anonymous_14)","decl":{"start":{"line":89,"column":6},"end":{"line":89,"column":23}},"loc":{"start":{"line":90,"column":8},"end":{"line":90,"column":null}},"line":90},"15":{"name":"(anonymous_15)","decl":{"start":{"line":91,"column":6},"end":{"line":91,"column":23}},"loc":{"start":{"line":91,"column":23},"end":{"line":91,"column":null}},"line":91}},"branchMap":{"0":{"loc":{"start":{"line":27,"column":2},"end":{"line":50,"column":null}},"type":"switch","locations":[{"start":{"line":28,"column":4},"end":{"line":38,"column":null}},{"start":{"line":39,"column":4},"end":{"line":40,"column":null}},{"start":{"line":41,"column":4},"end":{"line":47,"column":null}},{"start":{"line":48,"column":4},"end":{"line":49,"column":null}}],"line":27},"1":{"loc":{"start":{"line":30,"column":6},"end":{"line":36,"column":null}},"type":"if","locations":[{"start":{"line":30,"column":6},"end":{"line":36,"column":null}},{"start":{},"end":{}}],"line":30},"2":{"loc":{"start":{"line":32,"column":10},"end":{"line":34,"column":null}},"type":"cond-expr","locations":[{"start":{"line":33,"column":14},"end":{"line":33,"column":null}},{"start":{"line":34,"column":14},"end":{"line":34,"column":null}}],"line":32},"3":{"loc":{"start":{"line":42,"column":6},"end":{"line":44,"column":null}},"type":"if","locations":[{"start":{"line":42,"column":6},"end":{"line":44,"column":null}},{"start":{},"end":{}}],"line":42},"4":{"loc":{"start":{"line":46,"column":8},"end":{"line":46,"column":null}},"type":"cond-expr","locations":[{"start":{"line":46,"column":44},"end":{"line":46,"column":82}},{"start":{"line":46,"column":82},"end":{"line":46,"column":null}}],"line":46},"5":{"loc":{"start":{"line":56,"column":4},"end":{"line":56,"column":null}},"type":"if","locations":[{"start":{"line":56,"column":4},"end":{"line":56,"column":null}},{"start":{},"end":{}}],"line":56},"6":{"loc":{"start":{"line":58,"column":11},"end":{"line":58,"column":null}},"type":"cond-expr","locations":[{"start":{"line":58,"column":36},"end":{"line":58,"column":60}},{"start":{"line":58,"column":60},"end":{"line":58,"column":null}}],"line":58},"7":{"loc":{"start":{"line":69,"column":4},"end":{"line":72,"column":null}},"type":"if","locations":[{"start":{"line":69,"column":4},"end":{"line":72,"column":null}},{"start":{},"end":{}}],"line":69}},"s":{"0":1,"1":32,"2":28,"3":16,"4":28,"5":12,"6":12,"7":16,"8":1,"9":2,"10":2,"11":1,"12":1,"13":1,"14":1,"15":1,"16":14,"17":14,"18":14,"19":13,"20":1,"21":1,"22":0,"23":26,"24":26,"25":26,"26":26,"27":14,"28":14,"29":12,"30":26,"31":26,"32":26,"33":26,"34":4,"35":26,"36":13,"37":28,"38":1,"39":2,"40":1,"41":26},"f":{"0":32,"1":16,"2":12,"3":2,"4":1,"5":1,"6":14,"7":26,"8":26,"9":26,"10":4,"11":13,"12":28,"13":1,"14":2,"15":1},"b":{"0":[28,1,2,1],"1":[12,16],"2":[12,0],"3":[1,1],"4":[1,0],"5":[13,1],"6":[1,0],"7":[14,12]},"meta":{"lastBranch":8,"lastFunction":16,"lastStatement":42,"seen":{"s:15:27:18:Infinity":0,"f:26:9:26:17":0,"b:28:4:38:Infinity:39:4:40:Infinity:41:4:47:Infinity:48:4:49:Infinity":0,"s:27:2:50:Infinity":1,"s:29:23:29:Infinity":2,"f:29:29:29:35":1,"s:29:41:29:75":3,"b:30:6:36:Infinity:undefined:undefined:undefined:undefined":1,"s:30:6:36:Infinity":4,"s:31:8:35:Infinity":5,"f:31:21:31:26":2,"s:32:10:34:Infinity":6,"b:33:14:33:Infinity:34:14:34:Infinity":2,"s:37:6:37:Infinity":7,"s:40:6:40:Infinity":8,"f:40:19:40:27":3,"s:40:33:40:66":9,"b:42:6:44:Infinity:undefined:undefined:undefined:undefined":3,"s:42:6:44:Infinity":10,"s:43:8:43:Infinity":11,"f:43:21:43:29":4,"s:43:35:43:68":12,"s:45:6:47:Infinity":13,"f:45:19:45:24":5,"s:46:8:46:Infinity":14,"b:46:44:46:82:46:82:46:Infinity":4,"s:49:6:49:Infinity":15,"f:53:9:53:35":6,"s:54:2:61:Infinity":16,"s:55:16:55:Infinity":17,"b:56:4:56:Infinity:undefined:undefined:undefined:undefined":5,"s:56:4:56:Infinity":18,"s:56:14:56:Infinity":19,"s:57:19:57:Infinity":20,"s:58:4:58:Infinity":21,"b:58:36:58:60:58:60:58:Infinity":6,"s:60:4:60:Infinity":22,"f:64:16:64:29":7,"s:65:28:65:Infinity":23,"s:66:25:66:Infinity":24,"s:68:2:74:Infinity":25,"f:68:2:68:18":8,"b:69:4:72:Infinity:undefined:undefined:undefined:undefined":7,"s:69:4:72:Infinity":26,"s:70:6:70:Infinity":27,"s:71:6:71:Infinity":28,"s:73:4:73:Infinity":29,"s:76:16:93:Infinity":30,"f:76:16:76:48":9,"s:77:21:77:Infinity":31,"s:78:30:78:Infinity":32,"s:79:21:79:Infinity":33,"f:79:39:79:47":10,"s:79:56:79:70":34,"s:80:4:92:Infinity":35,"f:82:23:82:31":11,"s:82:40:82:56":36,"f:87:6:87:16":12,"s:87:28:87:Infinity":37,"f:88:6:88:19":13,"s:88:33:88:Infinity":38,"f:89:6:89:23":14,"s:90:8:90:Infinity":39,"f:91:6:91:23":15,"s:91:23:91:Infinity":40,"s:95:2:95:Infinity":41},"fnNames":{}}}
,"/Users/felipebaz/Desktop/Product-shop/simple-product-shop/src/context/CartContextValue.ts": {"path":"/Users/felipebaz/Desktop/Product-shop/simple-product-shop/src/context/CartContextValue.ts","statementMap":{"0":{"start":{"line":18,"column":27},"end":{"line":18,"column":null}},"1":{"start":{"line":20,"column":32},"end":{"line":20,"column":null}}},"fnMap":{},"branchMap":{},"s":{"0":1,"1":1},"f":{},"b":{},"meta":{"lastBranch":0,"lastFunction":0,"lastStatement":2,"seen":{"s:18:27:18:Infinity":0,"s:20:32:20:Infinity":1},"fnNames":{}}}
,"/Users/felipebaz/Desktop/Product-shop/simple-product-shop/src/context/useCart.ts": {"path":"/Users/felipebaz/Desktop/Product-shop/simple-product-shop/src/context/useCart.ts","statementMap":{"0":{"start":{"line":5,"column":14},"end":{"line":5,"column":null}},"1":{"start":{"line":6,"column":2},"end":{"line":8,"column":null}},"2":{"start":{"line":7,"column":4},"end":{"line":7,"column":null}},"3":{"start":{"line":9,"column":2},"end":{"line":9,"column":null}}},"fnMap":{"0":{"name":"useCart","decl":{"start":{"line":4,"column":16},"end":{"line":4,"column":26}},"loc":{"start":{"line":4,"column":26},"end":{"line":10,"column":null}},"line":4}},"branchMap":{"0":{"loc":{"start":{"line":6,"column":2},"end":{"line":8,"column":null}},"type":"if","locations":[{"start":{"line":6,"column":2},"end":{"line":8,"column":null}},{"start":{},"end":{}}],"line":6}},"s":{"0":26,"1":26,"2":0,"3":26},"f":{"0":26},"b":{"0":[0,26]},"meta":{"lastBranch":1,"lastFunction":1,"lastStatement":4,"seen":{"f:4:16:4:26":0,"s:5:14:5:Infinity":0,"b:6:2:8:Infinity:undefined:undefined:undefined:undefined":0,"s:6:2:8:Infinity":1,"s:7:4:7:Infinity":2,"s:9:2:9:Infinity":3},"fnNames":{}}}
,"/Users/felipebaz/Desktop/Product-shop/simple-product-shop/src/features/product-catalog/ProductCatalog.tsx": {"path":"/Users/felipebaz/Desktop/Product-shop/simple-product-shop/src/features/product-catalog/ProductCatalog.tsx","statementMap":{"0":{"start":{"line":10,"column":2},"end":{"line":22,"column":null}},"1":{"start":{"line":15,"column":10},"end":{"line":19,"column":null}}},"fnMap":{"0":{"name":"ProductCatalog","decl":{"start":{"line":9,"column":16},"end":{"line":9,"column":31}},"loc":{"start":{"line":9,"column":69},"end":{"line":24,"column":null}},"line":9},"1":{"name":"(anonymous_1)","decl":{"start":{"line":14,"column":18},"end":{"line":14,"column":23}},"loc":{"start":{"line":15,"column":10},"end":{"line":19,"column":null}},"line":15}},"branchMap":{},"s":{"0":3,"1":6},"f":{"0":3,"1":6},"b":{},"meta":{"lastBranch":0,"lastFunction":2,"lastStatement":2,"seen":{"f:9:16:9:31":0,"s:10:2:22:Infinity":0,"f:14:18:14:23":1,"s:15:10:19:Infinity":1},"fnNames":{}}}
,"/Users/felipebaz/Desktop/Product-shop/simple-product-shop/src/features/product-catalog/components/ProductCard.tsx": {"path":"/Users/felipebaz/Desktop/Product-shop/simple-product-shop/src/features/product-catalog/components/ProductCard.tsx","statementMap":{"0":{"start":{"line":13,"column":30},"end":{"line":13,"column":null}},"1":{"start":{"line":15,"column":2},"end":{"line":19,"column":null}},"2":{"start":{"line":16,"column":4},"end":{"line":16,"column":null}},"3":{"start":{"line":16,"column":28},"end":{"line":16,"column":null}},"4":{"start":{"line":17,"column":14},"end":{"line":17,"column":null}},"5":{"start":{"line":17,"column":31},"end":{"line":17,"column":50}},"6":{"start":{"line":18,"column":4},"end":{"line":18,"column":null}},"7":{"start":{"line":18,"column":17},"end":{"line":18,"column":null}},"8":{"start":{"line":21,"column":8},"end":{"line":24,"column":null}},"9":{"start":{"line":22,"column":4},"end":{"line":22,"column":null}},"10":{"start":{"line":23,"column":4},"end":{"line":23,"column":null}},"11":{"start":{"line":26,"column":16},"end":{"line":26,"column":null}},"12":{"start":{"line":28,"column":4},"end":{"line":28,"column":null}},"13":{"start":{"line":30,"column":2},"end":{"line":47,"column":null}}},"fnMap":{"0":{"name":"ProductCard","decl":{"start":{"line":12,"column":16},"end":{"line":12,"column":28}},"loc":{"start":{"line":12,"column":72},"end":{"line":49,"column":null}},"line":12},"1":{"name":"(anonymous_1)","decl":{"start":{"line":15,"column":2},"end":{"line":15,"column":18}},"loc":{"start":{"line":15,"column":18},"end":{"line":19,"column":5}},"line":15},"2":{"name":"(anonymous_2)","decl":{"start":{"line":17,"column":14},"end":{"line":17,"column":31}},"loc":{"start":{"line":17,"column":31},"end":{"line":17,"column":50}},"line":17},"3":{"name":"(anonymous_3)","decl":{"start":{"line":18,"column":4},"end":{"line":18,"column":17}},"loc":{"start":{"line":18,"column":17},"end":{"line":18,"column":null}},"line":18},"4":{"name":"(anonymous_4)","decl":{"start":{"line":21,"column":8},"end":{"line":21,"column":28}},"loc":{"start":{"line":21,"column":28},"end":{"line":24,"column":null}},"line":21}},"branchMap":{"0":{"loc":{"start":{"line":16,"column":4},"end":{"line":16,"column":null}},"type":"if","locations":[{"start":{"line":16,"column":4},"end":{"line":16,"column":null}},{"start":{},"end":{}}],"line":16},"1":{"loc":{"start":{"line":26,"column":16},"end":{"line":26,"column":null}},"type":"cond-expr","locations":[{"start":{"line":26,"column":37},"end":{"line":26,"column":59}},{"start":{"line":26,"column":59},"end":{"line":26,"column":null}}],"line":26},"2":{"loc":{"start":{"line":28,"column":4},"end":{"line":28,"column":null}},"type":"cond-expr","locations":[{"start":{"line":28,"column":25},"end":{"line":28,"column":66}},{"start":{"line":28,"column":66},"end":{"line":28,"column":null}}],"line":28}},"s":{"0":16,"1":16,"2":16,"3":13,"4":3,"5":1,"6":3,"7":3,"8":16,"9":3,"10":3,"11":16,"12":16,"13":16},"f":{"0":16,"1":16,"2":1,"3":3,"4":3},"b":{"0":[13,3],"1":[3,13],"2":[3,13]},"meta":{"lastBranch":3,"lastFunction":5,"lastStatement":14,"seen":{"f:12:16:12:28":0,"s:13:30:13:Infinity":0,"s:15:2:19:Infinity":1,"f:15:2:15:18":1,"b:16:4:16:Infinity:undefined:undefined:undefined:undefined":0,"s:16:4:16:Infinity":2,"s:16:28:16:Infinity":3,"s:17:14:17:Infinity":4,"f:17:14:17:31":2,"s:17:31:17:50":5,"s:18:4:18:Infinity":6,"f:18:4:18:17":3,"s:18:17:18:Infinity":7,"s:21:8:24:Infinity":8,"f:21:8:21:28":4,"s:22:4:22:Infinity":9,"s:23:4:23:Infinity":10,"s:26:16:26:Infinity":11,"b:26:37:26:59:26:59:26:Infinity":1,"s:28:4:28:Infinity":12,"b:28:25:28:66:28:66:28:Infinity":2,"s:30:2:47:Infinity":13},"fnNames":{}}}
,"/Users/felipebaz/Desktop/Product-shop/simple-product-shop/src/features/shopping-cart/components/CartItem.tsx": {"path":"/Users/felipebaz/Desktop/Product-shop/simple-product-shop/src/features/shopping-cart/components/CartItem.tsx","statementMap":{"0":{"start":{"line":13,"column":32},"end":{"line":13,"column":null}},"1":{"start":{"line":14,"column":20},"end":{"line":14,"column":null}},"2":{"start":{"line":15,"column":22},"end":{"line":15,"column":null}},"3":{"start":{"line":17,"column":2},"end":{"line":67,"column":null}},"4":{"start":{"line":37,"column":25},"end":{"line":37,"column":null}},"5":{"start":{"line":52,"column":25},"end":{"line":52,"column":null}}},"fnMap":{"0":{"name":"CartItem","decl":{"start":{"line":12,"column":16},"end":{"line":12,"column":25}},"loc":{"start":{"line":12,"column":78},"end":{"line":69,"column":null}},"line":12},"1":{"name":"(anonymous_1)","decl":{"start":{"line":37,"column":10},"end":{"line":37,"column":25}},"loc":{"start":{"line":37,"column":25},"end":{"line":37,"column":null}},"line":37},"2":{"name":"(anonymous_2)","decl":{"start":{"line":52,"column":10},"end":{"line":52,"column":25}},"loc":{"start":{"line":52,"column":25},"end":{"line":52,"column":null}},"line":52}},"branchMap":{},"s":{"0":7,"1":7,"2":7,"3":7,"4":1,"5":1},"f":{"0":7,"1":1,"2":1},"b":{},"meta":{"lastBranch":0,"lastFunction":3,"lastStatement":6,"seen":{"f:12:16:12:25":0,"s:13:32:13:Infinity":0,"s:14:20:14:Infinity":1,"s:15:22:15:Infinity":2,"s:17:2:67:Infinity":3,"f:37:10:37:25":1,"s:37:25:37:Infinity":4,"f:52:10:52:25":2,"s:52:25:52:Infinity":5},"fnNames":{}}}
,"/Users/felipebaz/Desktop/Product-shop/simple-product-shop/src/features/shopping-cart/components/CartSummary.tsx": {"path":"/Users/felipebaz/Desktop/Product-shop/simple-product-shop/src/features/shopping-cart/components/CartSummary.tsx","statementMap":{"0":{"start":{"line":21,"column":20},"end":{"line":21,"column":null}},"1":{"start":{"line":22,"column":18},"end":{"line":22,"column":null}},"2":{"start":{"line":23,"column":19},"end":{"line":23,"column":null}},"3":{"start":{"line":25,"column":2},"end":{"line":60,"column":null}},"4":{"start":{"line":37,"column":8},"end":{"line":43,"column":null}}},"fnMap":{"0":{"name":"CartSummary","decl":{"start":{"line":15,"column":16},"end":{"line":15,"column":28}},"loc":{"start":{"line":20,"column":21},"end":{"line":62,"column":null}},"line":20},"1":{"name":"(anonymous_1)","decl":{"start":{"line":36,"column":25},"end":{"line":36,"column":30}},"loc":{"start":{"line":37,"column":8},"end":{"line":43,"column":null}},"line":37}},"branchMap":{"0":{"loc":{"start":{"line":28,"column":30},"end":{"line":28,"column":65}},"type":"cond-expr","locations":[{"start":{"line":28,"column":48},"end":{"line":28,"column":57}},{"start":{"line":28,"column":57},"end":{"line":28,"column":65}}],"line":28},"1":{"loc":{"start":{"line":53,"column":7},"end":{"line":56,"column":null}},"type":"binary-expr","locations":[{"start":{"line":53,"column":7},"end":{"line":53,"column":null}},{"start":{"line":54,"column":8},"end":{"line":56,"column":null}}],"line":53}},"s":{"0":7,"1":7,"2":7,"3":7,"4":4},"f":{"0":7,"1":4},"b":{"0":[0,7],"1":[7,4]},"meta":{"lastBranch":2,"lastFunction":2,"lastStatement":5,"seen":{"f:15:16:15:28":0,"s:21:20:21:Infinity":0,"s:22:18:22:Infinity":1,"s:23:19:23:Infinity":2,"s:25:2:60:Infinity":3,"b:28:48:28:57:28:57:28:65":0,"f:36:25:36:30":1,"s:37:8:43:Infinity":4,"b:53:7:53:Infinity:54:8:56:Infinity":1},"fnNames":{}}}
,"/Users/felipebaz/Desktop/Product-shop/simple-product-shop/src/shared/components/Button.tsx": {"path":"/Users/felipebaz/Desktop/Product-shop/simple-product-shop/src/shared/components/Button.tsx","statementMap":{"0":{"start":{"line":7,"column":4},"end":{"line":7,"column":null}},"1":{"start":{"line":8,"column":2},"end":{"line":8,"column":null}}},"fnMap":{"0":{"name":"Button","decl":{"start":{"line":5,"column":16},"end":{"line":5,"column":23}},"loc":{"start":{"line":5,"column":82},"end":{"line":9,"column":null}},"line":5}},"branchMap":{"0":{"loc":{"start":{"line":5,"column":25},"end":{"line":5,"column":41}},"type":"default-arg","locations":[{"start":{"line":5,"column":37},"end":{"line":5,"column":41}}],"line":5},"1":{"loc":{"start":{"line":5,"column":41},"end":{"line":5,"column":58}},"type":"default-arg","locations":[{"start":{"line":5,"column":48},"end":{"line":5,"column":58}}],"line":5}},"s":{"0":23,"1":23},"f":{"0":23},"b":{"0":[23],"1":[23]},"meta":{"lastBranch":2,"lastFunction":1,"lastStatement":2,"seen":{"f:5:16:5:23":0,"b:5:37:5:41":0,"b:5:48:5:58":1,"s:7:4:7:Infinity":0,"s:8:2:8:Infinity":1},"fnNames":{}}}
,"/Users/felipebaz/Desktop/Product-shop/simple-product-shop/src/shared/components/index.ts": {"path":"/Users/felipebaz/Desktop/Product-shop/simple-product-shop/src/shared/components/index.ts","statementMap":{},"fnMap":{},"branchMap":{},"s":{},"f":{},"b":{},"meta":{"lastBranch":0,"lastFunction":0,"lastStatement":0,"seen":{},"fnNames":{}}}
,"/Users/felipebaz/Desktop/Product-shop/simple-product-shop/src/shared/constants/businessRules.ts": {"path":"/Users/felipebaz/Desktop/Product-shop/simple-product-shop/src/shared/constants/businessRules.ts","statementMap":{"0":{"start":{"line":1,"column":29},"end":{"line":4,"column":null}},"1":{"start":{"line":6,"column":30},"end":{"line":9,"column":null}},"2":{"start":{"line":11,"column":31},"end":{"line":14,"column":null}}},"fnMap":{},"branchMap":{},"s":{"0":9,"1":9,"2":9},"f":{},"b":{},"meta":{"lastBranch":0,"lastFunction":0,"lastStatement":3,"seen":{"s:1:29:4:Infinity":0,"s:6:30:9:Infinity":1,"s:11:31:14:Infinity":2},"fnNames":{}}}
,"/Users/felipebaz/Desktop/Product-shop/simple-product-shop/src/shared/constants/ui.ts": {"path":"/Users/felipebaz/Desktop/Product-shop/simple-product-shop/src/shared/constants/ui.ts","statementMap":{"0":{"start":{"line":1,"column":23},"end":{"line":13,"column":null}},"1":{"start":{"line":12,"column":37},"end":{"line":12,"column":null}},"2":{"start":{"line":15,"column":39},"end":{"line":15,"column":null}}},"fnMap":{"0":{"name":"(anonymous_0)","decl":{"start":{"line":12,"column":2},"end":{"line":12,"column":19}},"loc":{"start":{"line":12,"column":37},"end":{"line":12,"column":null}},"line":12}},"branchMap":{},"s":{"0":4,"1":0,"2":4},"f":{"0":0},"b":{},"meta":{"lastBranch":0,"lastFunction":1,"lastStatement":3,"seen":{"s:1:23:13:Infinity":0,"f:12:2:12:19":0,"s:12:37:12:Infinity":1,"s:15:39:15:Infinity":2},"fnNames":{}}}
,"/Users/felipebaz/Desktop/Product-shop/simple-product-shop/src/shared/strategies/BulkDiscountStrategy.ts": {"path":"/Users/felipebaz/Desktop/Product-shop/simple-product-shop/src/shared/strategies/BulkDiscountStrategy.ts","statementMap":{"0":{"start":{"line":7,"column":18},"end":{"line":7,"column":null}},"1":{"start":{"line":8,"column":25},"end":{"line":8,"column":null}},"2":{"start":{"line":11,"column":4},"end":{"line":11,"column":null}},"3":{"start":{"line":11,"column":29},"end":{"line":11,"column":69}},"4":{"start":{"line":15,"column":4},"end":{"line":15,"column":null}}},"fnMap":{"0":{"name":"isApplicable","decl":{"start":{"line":10,"column":2},"end":{"line":10,"column":15}},"loc":{"start":{"line":10,"column":43},"end":{"line":12,"column":null}},"line":10},"1":{"name":"(anonymous_1)","decl":{"start":{"line":11,"column":17},"end":{"line":11,"column":23}},"loc":{"start":{"line":11,"column":29},"end":{"line":11,"column":69}},"line":11},"2":{"name":"calculate","decl":{"start":{"line":14,"column":2},"end":{"line":14,"column":12}},"loc":{"start":{"line":14,"column":39},"end":{"line":16,"column":null}},"line":14}},"branchMap":{},"s":{"0":7,"1":7,"2":19,"3":22,"4":9},"f":{"0":19,"1":22,"2":9},"b":{},"meta":{"lastBranch":0,"lastFunction":3,"lastStatement":5,"seen":{"s:7:18:7:Infinity":0,"s:8:25:8:Infinity":1,"f:10:2:10:15":0,"s:11:4:11:Infinity":2,"f:11:17:11:23":1,"s:11:29:11:69":3,"f:14:2:14:12":2,"s:15:4:15:Infinity":4},"fnNames":{}}}
,"/Users/felipebaz/Desktop/Product-shop/simple-product-shop/src/shared/strategies/DiscountCalculator.ts": {"path":"/Users/felipebaz/Desktop/Product-shop/simple-product-shop/src/shared/strategies/DiscountCalculator.ts","statementMap":{"0":{"start":{"line":13,"column":4},"end":{"line":13,"column":null}},"1":{"start":{"line":17,"column":4},"end":{"line":17,"column":null}},"2":{"start":{"line":17,"column":28},"end":{"line":17,"column":null}},"3":{"start":{"line":18,"column":4},"end":{"line":18,"column":null}},"4":{"start":{"line":18,"column":65},"end":{"line":18,"column":81}},"5":{"start":{"line":22,"column":4},"end":{"line":22,"column":null}},"6":{"start":{"line":22,"column":28},"end":{"line":22,"column":null}},"7":{"start":{"line":23,"column":48},"end":{"line":23,"column":null}},"8":{"start":{"line":24,"column":20},"end":{"line":24,"column":null}},"9":{"start":{"line":25,"column":4},"end":{"line":33,"column":null}},"10":{"start":{"line":26,"column":6},"end":{"line":26,"column":null}},"11":{"start":{"line":26,"column":52},"end":{"line":26,"column":null}},"12":{"start":{"line":28,"column":21},"end":{"line":28,"column":null}},"13":{"start":{"line":29,"column":6},"end":{"line":29,"column":null}},"14":{"start":{"line":29,"column":23},"end":{"line":29,"column":null}},"15":{"start":{"line":31,"column":6},"end":{"line":31,"column":null}},"16":{"start":{"line":32,"column":6},"end":{"line":32,"column":null}},"17":{"start":{"line":34,"column":4},"end":{"line":34,"column":null}}},"fnMap":{"0":{"name":"constructor","decl":{"start":{"line":12,"column":2},"end":{"line":12,"column":14}},"loc":{"start":{"line":12,"column":46},"end":{"line":14,"column":null}},"line":12},"1":{"name":"calculate","decl":{"start":{"line":16,"column":2},"end":{"line":16,"column":12}},"loc":{"start":{"line":16,"column":57},"end":{"line":19,"column":null}},"line":16},"2":{"name":"(anonymous_2)","decl":{"start":{"line":18,"column":46},"end":{"line":18,"column":54}},"loc":{"start":{"line":18,"column":65},"end":{"line":18,"column":81}},"line":18},"3":{"name":"getBreakdown","decl":{"start":{"line":21,"column":2},"end":{"line":21,"column":15}},"loc":{"start":{"line":21,"column":78},"end":{"line":35,"column":null}},"line":21}},"branchMap":{"0":{"loc":{"start":{"line":17,"column":4},"end":{"line":17,"column":null}},"type":"if","locations":[{"start":{"line":17,"column":4},"end":{"line":17,"column":null}},{"start":{},"end":{}}],"line":17},"1":{"loc":{"start":{"line":22,"column":4},"end":{"line":22,"column":null}},"type":"if","locations":[{"start":{"line":22,"column":4},"end":{"line":22,"column":null}},{"start":{},"end":{}}],"line":22},"2":{"loc":{"start":{"line":26,"column":6},"end":{"line":26,"column":null}},"type":"if","locations":[{"start":{"line":26,"column":6},"end":{"line":26,"column":null}},{"start":{},"end":{}}],"line":26},"3":{"loc":{"start":{"line":29,"column":6},"end":{"line":29,"column":null}},"type":"if","locations":[{"start":{"line":29,"column":6},"end":{"line":29,"column":null}},{"start":{},"end":{}}],"line":29}},"s":{"0":6,"1":4,"2":1,"3":3,"4":4,"5":33,"6":16,"7":17,"8":17,"9":17,"10":34,"11":22,"12":12,"13":12,"14":0,"15":12,"16":12,"17":17},"f":{"0":6,"1":4,"2":4,"3":33},"b":{"0":[1,3],"1":[16,17],"2":[22,12],"3":[0,12]},"meta":{"lastBranch":4,"lastFunction":4,"lastStatement":18,"seen":{"f:12:2:12:14":0,"s:13:4:13:Infinity":0,"f:16:2:16:12":1,"b:17:4:17:Infinity:undefined:undefined:undefined:undefined":0,"s:17:4:17:Infinity":1,"s:17:28:17:Infinity":2,"s:18:4:18:Infinity":3,"f:18:46:18:54":2,"s:18:65:18:81":4,"f:21:2:21:15":3,"b:22:4:22:Infinity:undefined:undefined:undefined:undefined":1,"s:22:4:22:Infinity":5,"s:22:28:22:Infinity":6,"s:23:48:23:Infinity":7,"s:24:20:24:Infinity":8,"s:25:4:33:Infinity":9,"b:26:6:26:Infinity:undefined:undefined:undefined:undefined":2,"s:26:6:26:Infinity":10,"s:26:52:26:Infinity":11,"s:28:21:28:Infinity":12,"b:29:6:29:Infinity:undefined:undefined:undefined:undefined":3,"s:29:6:29:Infinity":13,"s:29:23:29:Infinity":14,"s:31:6:31:Infinity":15,"s:32:6:32:Infinity":16,"s:34:4:34:Infinity":17},"fnNames":{}}}
,"/Users/felipebaz/Desktop/Product-shop/simple-product-shop/src/shared/strategies/OrderDiscountStrategy.ts": {"path":"/Users/felipebaz/Desktop/Product-shop/simple-product-shop/src/shared/strategies/OrderDiscountStrategy.ts","statementMap":{"0":{"start":{"line":6,"column":18},"end":{"line":6,"column":null}},"1":{"start":{"line":7,"column":25},"end":{"line":7,"column":null}},"2":{"start":{"line":10,"column":4},"end":{"line":10,"column":null}},"3":{"start":{"line":14,"column":4},"end":{"line":14,"column":null}}},"fnMap":{"0":{"name":"isApplicable","decl":{"start":{"line":9,"column":2},"end":{"line":9,"column":15}},"loc":{"start":{"line":9,"column":62},"end":{"line":11,"column":null}},"line":9},"1":{"name":"calculate","decl":{"start":{"line":13,"column":2},"end":{"line":13,"column":12}},"loc":{"start":{"line":13,"column":58},"end":{"line":15,"column":null}},"line":13}},"branchMap":{},"s":{"0":7,"1":7,"2":19,"3":6},"f":{"0":19,"1":6},"b":{},"meta":{"lastBranch":0,"lastFunction":2,"lastStatement":4,"seen":{"s:6:18:6:Infinity":0,"s:7:25:7:Infinity":1,"f:9:2:9:15":0,"s:10:4:10:Infinity":2,"f:13:2:13:12":1,"s:14:4:14:Infinity":3},"fnNames":{}}}
,"/Users/felipebaz/Desktop/Product-shop/simple-product-shop/src/shared/strategies/index.ts": {"path":"/Users/felipebaz/Desktop/Product-shop/simple-product-shop/src/shared/strategies/index.ts","statementMap":{},"fnMap":{},"branchMap":{},"s":{},"f":{},"b":{},"meta":{"lastBranch":0,"lastFunction":0,"lastStatement":0,"seen":{},"fnNames":{}}}
,"/Users/felipebaz/Desktop/Product-shop/simple-product-shop/src/shared/utils/calculateBulkDiscount.ts": {"path":"/Users/felipebaz/Desktop/Product-shop/simple-product-shop/src/shared/utils/calculateBulkDiscount.ts","statementMap":{"0":{"start":{"line":5,"column":2},"end":{"line":10,"column":null}},"1":{"start":{"line":6,"column":4},"end":{"line":8,"column":null}},"2":{"start":{"line":7,"column":6},"end":{"line":7,"column":null}},"3":{"start":{"line":9,"column":4},"end":{"line":9,"column":null}}},"fnMap":{"0":{"name":"calculateBulkDiscount","decl":{"start":{"line":4,"column":16},"end":{"line":4,"column":38}},"loc":{"start":{"line":4,"column":65},"end":{"line":11,"column":null}},"line":4},"1":{"name":"(anonymous_1)","decl":{"start":{"line":5,"column":15},"end":{"line":5,"column":23}},"loc":{"start":{"line":5,"column":56},"end":{"line":10,"column":5}},"line":5}},"branchMap":{"0":{"loc":{"start":{"line":6,"column":4},"end":{"line":8,"column":null}},"type":"if","locations":[{"start":{"line":6,"column":4},"end":{"line":8,"column":null}},{"start":{},"end":{}}],"line":6}},"s":{"0":13,"1":16,"2":12,"3":4},"f":{"0":13,"1":16},"b":{"0":[12,4]},"meta":{"lastBranch":1,"lastFunction":2,"lastStatement":4,"seen":{"f:4:16:4:38":0,"s:5:2:10:Infinity":0,"f:5:15:5:23":1,"b:6:4:8:Infinity:undefined:undefined:undefined:undefined":0,"s:6:4:8:Infinity":1,"s:7:6:7:Infinity":2,"s:9:4:9:Infinity":3},"fnNames":{}}}
,"/Users/felipebaz/Desktop/Product-shop/simple-product-shop/src/shared/utils/calculateSubtotal.ts": {"path":"/Users/felipebaz/Desktop/Product-shop/simple-product-shop/src/shared/utils/calculateSubtotal.ts","statementMap":{"0":{"start":{"line":4,"column":2},"end":{"line":4,"column":null}},"1":{"start":{"line":4,"column":54},"end":{"line":4,"column":86}}},"fnMap":{"0":{"name":"calculateSubtotal","decl":{"start":{"line":3,"column":16},"end":{"line":3,"column":34}},"loc":{"start":{"line":3,"column":61},"end":{"line":5,"column":null}},"line":3},"1":{"name":"(anonymous_1)","decl":{"start":{"line":4,"column":15},"end":{"line":4,"column":23}},"loc":{"start":{"line":4,"column":54},"end":{"line":4,"column":86}},"line":4}},"branchMap":{},"s":{"0":29,"1":17},"f":{"0":29,"1":17},"b":{},"meta":{"lastBranch":0,"lastFunction":2,"lastStatement":2,"seen":{"f:3:16:3:34":0,"s:4:2:4:Infinity":0,"f:4:15:4:23":1,"s:4:54:4:86":1},"fnNames":{}}}
,"/Users/felipebaz/Desktop/Product-shop/simple-product-shop/src/shared/utils/formatPrice.ts": {"path":"/Users/felipebaz/Desktop/Product-shop/simple-product-shop/src/shared/utils/formatPrice.ts","statementMap":{"0":{"start":{"line":1,"column":18},"end":{"line":6,"column":null}},"1":{"start":{"line":9,"column":2},"end":{"line":9,"column":null}}},"fnMap":{"0":{"name":"formatPrice","decl":{"start":{"line":8,"column":16},"end":{"line":8,"column":28}},"loc":{"start":{"line":8,"column":51},"end":{"line":10,"column":null}},"line":8}},"branchMap":{},"s":{"0":8,"1":58},"f":{"0":58},"b":{},"meta":{"lastBranch":0,"lastFunction":1,"lastStatement":2,"seen":{"s:1:18:6:Infinity":0,"f:8:16:8:28":0,"s:9:2:9:Infinity":1},"fnNames":{}}}
,"/Users/felipebaz/Desktop/Product-shop/simple-product-shop/src/shared/utils/index.ts": {"path":"/Users/felipebaz/Desktop/Product-shop/simple-product-shop/src/shared/utils/index.ts","statementMap":{},"fnMap":{},"branchMap":{},"s":{},"f":{},"b":{},"meta":{"lastBranch":0,"lastFunction":0,"lastStatement":0,"seen":{},"fnNames":{}}}
}
